[134168 - Suricata-Main] 2023-12-07 09:48:28 Notice: suricata: This is Suricata version 7.0.3-dev (c8a7204b1 2023-11-02) running in USER mode
[134168 - Suricata-Main] 2023-12-07 09:48:28 Info: cpu: CPUs/cores online: 4
[134168 - Suricata-Main] 2023-12-07 09:48:28 Info: suricata: Setting engine mode to IDS mode by default
[134168 - Suricata-Main] 2023-12-07 09:48:28 Info: exception-policy: master exception-policy set to: auto
[134168 - Suricata-Main] 2023-12-07 09:48:28 Info: logopenfile: fast output device (regular) initialized: fast.log
[134168 - Suricata-Main] 2023-12-07 09:48:28 Info: logopenfile: eve-log output device (regular) initialized: eve.json
[134168 - Suricata-Main] 2023-12-07 09:48:28 Info: logopenfile: stats output device (regular) initialized: stats.log
[134168 - Suricata-Main] 2023-12-07 09:48:28 Info: output-filestore: Filestore (v2) creating directory data//filestore
[134168 - Suricata-Main] 2023-12-07 09:48:28 Info: output-filestore: Filestore (v2) creating directory data//filestore/00
[134168 - Suricata-Main] 2023-12-07 09:48:28 Info: output-filestore: Filestore (v2) creating directory data//filestore/01
[134168 - Suricata-Main] 2023-12-07 09:48:28 Info: output-filestore: Filestore (v2) creating directory data//filestore/02
[134168 - Suricata-Main] 2023-12-07 09:48:28 Info: output-filestore: Filestore (v2) creating directory data//filestore/03
[134168 - Suricata-Main] 2023-12-07 09:48:28 Info: output-filestore: Filestore (v2) creating directory data//filestore/04
[134168 - Suricata-Main] 2023-12-07 09:48:28 Info: output-filestore: Filestore (v2) creating directory data//filestore/05
[134168 - Suricata-Main] 2023-12-07 09:48:28 Info: output-filestore: Filestore (v2) creating directory data//filestore/06
[134168 - Suricata-Main] 2023-12-07 09:48:28 Info: output-filestore: Filestore (v2) creating directory data//filestore/07
[134168 - Suricata-Main] 2023-12-07 09:48:28 Info: output-filestore: Filestore (v2) creating directory data//filestore/08
[134168 - Suricata-Main] 2023-12-07 09:48:28 Info: output-filestore: Filestore (v2) creating directory data//filestore/09
[134168 - Suricata-Main] 2023-12-07 09:48:28 Info: output-filestore: Filestore (v2) creating directory data//filestore/0a
[134168 - Suricata-Main] 2023-12-07 09:48:28 Info: output-filestore: Filestore (v2) creating directory data//filestore/0b
[134168 - Suricata-Main] 2023-12-07 09:48:28 Info: output-filestore: Filestore (v2) creating directory data//filestore/0c
[134168 - Suricata-Main] 2023-12-07 09:48:28 Info: output-filestore: Filestore (v2) creating directory data//filestore/0d
[134168 - Suricata-Main] 2023-12-07 09:48:28 Info: output-filestore: Filestore (v2) creating directory data//filestore/0e
[134168 - Suricata-Main] 2023-12-07 09:48:28 Info: output-filestore: Filestore (v2) creating directory data//filestore/0f
[134168 - Suricata-Main] 2023-12-07 09:48:28 Info: output-filestore: Filestore (v2) creating directory data//filestore/10
[134168 - Suricata-Main] 2023-12-07 09:48:28 Info: output-filestore: Filestore (v2) creating directory data//filestore/11
[134168 - Suricata-Main] 2023-12-07 09:48:28 Info: output-filestore: Filestore (v2) creating directory data//filestore/12
[134168 - Suricata-Main] 2023-12-07 09:48:28 Info: output-filestore: Filestore (v2) creating directory data//filestore/13
[134168 - Suricata-Main] 2023-12-07 09:48:28 Info: output-filestore: Filestore (v2) creating directory data//filestore/14
[134168 - Suricata-Main] 2023-12-07 09:48:28 Info: output-filestore: Filestore (v2) creating directory data//filestore/15
[134168 - Suricata-Main] 2023-12-07 09:48:28 Info: output-filestore: Filestore (v2) creating directory data//filestore/16
[134168 - Suricata-Main] 2023-12-07 09:48:28 Info: output-filestore: Filestore (v2) creating directory data//filestore/17
[134168 - Suricata-Main] 2023-12-07 09:48:28 Info: output-filestore: Filestore (v2) creating directory data//filestore/18
[134168 - Suricata-Main] 2023-12-07 09:48:28 Info: output-filestore: Filestore (v2) creating directory data//filestore/19
[134168 - Suricata-Main] 2023-12-07 09:48:28 Info: output-filestore: Filestore (v2) creating directory data//filestore/1a
[134168 - Suricata-Main] 2023-12-07 09:48:28 Info: output-filestore: Filestore (v2) creating directory data//filestore/1b
[134168 - Suricata-Main] 2023-12-07 09:48:28 Info: output-filestore: Filestore (v2) creating directory data//filestore/1c
[134168 - Suricata-Main] 2023-12-07 09:48:28 Info: output-filestore: Filestore (v2) creating directory data//filestore/1d
[134168 - Suricata-Main] 2023-12-07 09:48:28 Info: output-filestore: Filestore (v2) creating directory data//filestore/1e
[134168 - Suricata-Main] 2023-12-07 09:48:28 Info: output-filestore: Filestore (v2) creating directory data//filestore/1f
[134168 - Suricata-Main] 2023-12-07 09:48:28 Info: output-filestore: Filestore (v2) creating directory data//filestore/20
[134168 - Suricata-Main] 2023-12-07 09:48:28 Info: output-filestore: Filestore (v2) creating directory data//filestore/21
[134168 - Suricata-Main] 2023-12-07 09:48:28 Info: output-filestore: Filestore (v2) creating directory data//filestore/22
[134168 - Suricata-Main] 2023-12-07 09:48:28 Info: output-filestore: Filestore (v2) creating directory data//filestore/23
[134168 - Suricata-Main] 2023-12-07 09:48:28 Info: output-filestore: Filestore (v2) creating directory data//filestore/24
[134168 - Suricata-Main] 2023-12-07 09:48:28 Info: output-filestore: Filestore (v2) creating directory data//filestore/25
[134168 - Suricata-Main] 2023-12-07 09:48:28 Info: output-filestore: Filestore (v2) creating directory data//filestore/26
[134168 - Suricata-Main] 2023-12-07 09:48:28 Info: output-filestore: Filestore (v2) creating directory data//filestore/27
[134168 - Suricata-Main] 2023-12-07 09:48:28 Info: output-filestore: Filestore (v2) creating directory data//filestore/28
[134168 - Suricata-Main] 2023-12-07 09:48:28 Info: output-filestore: Filestore (v2) creating directory data//filestore/29
[134168 - Suricata-Main] 2023-12-07 09:48:28 Info: output-filestore: Filestore (v2) creating directory data//filestore/2a
[134168 - Suricata-Main] 2023-12-07 09:48:28 Info: output-filestore: Filestore (v2) creating directory data//filestore/2b
[134168 - Suricata-Main] 2023-12-07 09:48:28 Info: output-filestore: Filestore (v2) creating directory data//filestore/2c
[134168 - Suricata-Main] 2023-12-07 09:48:28 Info: output-filestore: Filestore (v2) creating directory data//filestore/2d
[134168 - Suricata-Main] 2023-12-07 09:48:28 Info: output-filestore: Filestore (v2) creating directory data//filestore/2e
[134168 - Suricata-Main] 2023-12-07 09:48:28 Info: output-filestore: Filestore (v2) creating directory data//filestore/2f
[134168 - Suricata-Main] 2023-12-07 09:48:28 Info: output-filestore: Filestore (v2) creating directory data//filestore/30
[134168 - Suricata-Main] 2023-12-07 09:48:28 Info: output-filestore: Filestore (v2) creating directory data//filestore/31
[134168 - Suricata-Main] 2023-12-07 09:48:28 Info: output-filestore: Filestore (v2) creating directory data//filestore/32
[134168 - Suricata-Main] 2023-12-07 09:48:28 Info: output-filestore: Filestore (v2) creating directory data//filestore/33
[134168 - Suricata-Main] 2023-12-07 09:48:28 Info: output-filestore: Filestore (v2) creating directory data//filestore/34
[134168 - Suricata-Main] 2023-12-07 09:48:28 Info: output-filestore: Filestore (v2) creating directory data//filestore/35
[134168 - Suricata-Main] 2023-12-07 09:48:28 Info: output-filestore: Filestore (v2) creating directory data//filestore/36
[134168 - Suricata-Main] 2023-12-07 09:48:28 Info: output-filestore: Filestore (v2) creating directory data//filestore/37
[134168 - Suricata-Main] 2023-12-07 09:48:28 Info: output-filestore: Filestore (v2) creating directory data//filestore/38
[134168 - Suricata-Main] 2023-12-07 09:48:28 Info: output-filestore: Filestore (v2) creating directory data//filestore/39
[134168 - Suricata-Main] 2023-12-07 09:48:28 Info: output-filestore: Filestore (v2) creating directory data//filestore/3a
[134168 - Suricata-Main] 2023-12-07 09:48:28 Info: output-filestore: Filestore (v2) creating directory data//filestore/3b
[134168 - Suricata-Main] 2023-12-07 09:48:28 Info: output-filestore: Filestore (v2) creating directory data//filestore/3c
[134168 - Suricata-Main] 2023-12-07 09:48:28 Info: output-filestore: Filestore (v2) creating directory data//filestore/3d
[134168 - Suricata-Main] 2023-12-07 09:48:28 Info: output-filestore: Filestore (v2) creating directory data//filestore/3e
[134168 - Suricata-Main] 2023-12-07 09:48:28 Info: output-filestore: Filestore (v2) creating directory data//filestore/3f
[134168 - Suricata-Main] 2023-12-07 09:48:28 Info: output-filestore: Filestore (v2) creating directory data//filestore/40
[134168 - Suricata-Main] 2023-12-07 09:48:28 Info: output-filestore: Filestore (v2) creating directory data//filestore/41
[134168 - Suricata-Main] 2023-12-07 09:48:28 Info: output-filestore: Filestore (v2) creating directory data//filestore/42
[134168 - Suricata-Main] 2023-12-07 09:48:28 Info: output-filestore: Filestore (v2) creating directory data//filestore/43
[134168 - Suricata-Main] 2023-12-07 09:48:28 Info: output-filestore: Filestore (v2) creating directory data//filestore/44
[134168 - Suricata-Main] 2023-12-07 09:48:28 Info: output-filestore: Filestore (v2) creating directory data//filestore/45
[134168 - Suricata-Main] 2023-12-07 09:48:28 Info: output-filestore: Filestore (v2) creating directory data//filestore/46
[134168 - Suricata-Main] 2023-12-07 09:48:28 Info: output-filestore: Filestore (v2) creating directory data//filestore/47
[134168 - Suricata-Main] 2023-12-07 09:48:28 Info: output-filestore: Filestore (v2) creating directory data//filestore/48
[134168 - Suricata-Main] 2023-12-07 09:48:28 Info: output-filestore: Filestore (v2) creating directory data//filestore/49
[134168 - Suricata-Main] 2023-12-07 09:48:28 Info: output-filestore: Filestore (v2) creating directory data//filestore/4a
[134168 - Suricata-Main] 2023-12-07 09:48:28 Info: output-filestore: Filestore (v2) creating directory data//filestore/4b
[134168 - Suricata-Main] 2023-12-07 09:48:28 Info: output-filestore: Filestore (v2) creating directory data//filestore/4c
[134168 - Suricata-Main] 2023-12-07 09:48:28 Info: output-filestore: Filestore (v2) creating directory data//filestore/4d
[134168 - Suricata-Main] 2023-12-07 09:48:28 Info: output-filestore: Filestore (v2) creating directory data//filestore/4e
[134168 - Suricata-Main] 2023-12-07 09:48:28 Info: output-filestore: Filestore (v2) creating directory data//filestore/4f
[134168 - Suricata-Main] 2023-12-07 09:48:28 Info: output-filestore: Filestore (v2) creating directory data//filestore/50
[134168 - Suricata-Main] 2023-12-07 09:48:28 Info: output-filestore: Filestore (v2) creating directory data//filestore/51
[134168 - Suricata-Main] 2023-12-07 09:48:28 Info: output-filestore: Filestore (v2) creating directory data//filestore/52
[134168 - Suricata-Main] 2023-12-07 09:48:28 Info: output-filestore: Filestore (v2) creating directory data//filestore/53
[134168 - Suricata-Main] 2023-12-07 09:48:28 Info: output-filestore: Filestore (v2) creating directory data//filestore/54
[134168 - Suricata-Main] 2023-12-07 09:48:28 Info: output-filestore: Filestore (v2) creating directory data//filestore/55
[134168 - Suricata-Main] 2023-12-07 09:48:28 Info: output-filestore: Filestore (v2) creating directory data//filestore/56
[134168 - Suricata-Main] 2023-12-07 09:48:28 Info: output-filestore: Filestore (v2) creating directory data//filestore/57
[134168 - Suricata-Main] 2023-12-07 09:48:28 Info: output-filestore: Filestore (v2) creating directory data//filestore/58
[134168 - Suricata-Main] 2023-12-07 09:48:28 Info: output-filestore: Filestore (v2) creating directory data//filestore/59
[134168 - Suricata-Main] 2023-12-07 09:48:28 Info: output-filestore: Filestore (v2) creating directory data//filestore/5a
[134168 - Suricata-Main] 2023-12-07 09:48:28 Info: output-filestore: Filestore (v2) creating directory data//filestore/5b
[134168 - Suricata-Main] 2023-12-07 09:48:28 Info: output-filestore: Filestore (v2) creating directory data//filestore/5c
[134168 - Suricata-Main] 2023-12-07 09:48:28 Info: output-filestore: Filestore (v2) creating directory data//filestore/5d
[134168 - Suricata-Main] 2023-12-07 09:48:28 Info: output-filestore: Filestore (v2) creating directory data//filestore/5e
[134168 - Suricata-Main] 2023-12-07 09:48:28 Info: output-filestore: Filestore (v2) creating directory data//filestore/5f
[134168 - Suricata-Main] 2023-12-07 09:48:28 Info: output-filestore: Filestore (v2) creating directory data//filestore/60
[134168 - Suricata-Main] 2023-12-07 09:48:28 Info: output-filestore: Filestore (v2) creating directory data//filestore/61
[134168 - Suricata-Main] 2023-12-07 09:48:28 Info: output-filestore: Filestore (v2) creating directory data//filestore/62
[134168 - Suricata-Main] 2023-12-07 09:48:28 Info: output-filestore: Filestore (v2) creating directory data//filestore/63
[134168 - Suricata-Main] 2023-12-07 09:48:28 Info: output-filestore: Filestore (v2) creating directory data//filestore/64
[134168 - Suricata-Main] 2023-12-07 09:48:28 Info: output-filestore: Filestore (v2) creating directory data//filestore/65
[134168 - Suricata-Main] 2023-12-07 09:48:28 Info: output-filestore: Filestore (v2) creating directory data//filestore/66
[134168 - Suricata-Main] 2023-12-07 09:48:28 Info: output-filestore: Filestore (v2) creating directory data//filestore/67
[134168 - Suricata-Main] 2023-12-07 09:48:28 Info: output-filestore: Filestore (v2) creating directory data//filestore/68
[134168 - Suricata-Main] 2023-12-07 09:48:28 Info: output-filestore: Filestore (v2) creating directory data//filestore/69
[134168 - Suricata-Main] 2023-12-07 09:48:28 Info: output-filestore: Filestore (v2) creating directory data//filestore/6a
[134168 - Suricata-Main] 2023-12-07 09:48:28 Info: output-filestore: Filestore (v2) creating directory data//filestore/6b
[134168 - Suricata-Main] 2023-12-07 09:48:28 Info: output-filestore: Filestore (v2) creating directory data//filestore/6c
[134168 - Suricata-Main] 2023-12-07 09:48:28 Info: output-filestore: Filestore (v2) creating directory data//filestore/6d
[134168 - Suricata-Main] 2023-12-07 09:48:28 Info: output-filestore: Filestore (v2) creating directory data//filestore/6e
[134168 - Suricata-Main] 2023-12-07 09:48:28 Info: output-filestore: Filestore (v2) creating directory data//filestore/6f
[134168 - Suricata-Main] 2023-12-07 09:48:28 Info: output-filestore: Filestore (v2) creating directory data//filestore/70
[134168 - Suricata-Main] 2023-12-07 09:48:28 Info: output-filestore: Filestore (v2) creating directory data//filestore/71
[134168 - Suricata-Main] 2023-12-07 09:48:28 Info: output-filestore: Filestore (v2) creating directory data//filestore/72
[134168 - Suricata-Main] 2023-12-07 09:48:28 Info: output-filestore: Filestore (v2) creating directory data//filestore/73
[134168 - Suricata-Main] 2023-12-07 09:48:28 Info: output-filestore: Filestore (v2) creating directory data//filestore/74
[134168 - Suricata-Main] 2023-12-07 09:48:28 Info: output-filestore: Filestore (v2) creating directory data//filestore/75
[134168 - Suricata-Main] 2023-12-07 09:48:28 Info: output-filestore: Filestore (v2) creating directory data//filestore/76
[134168 - Suricata-Main] 2023-12-07 09:48:28 Info: output-filestore: Filestore (v2) creating directory data//filestore/77
[134168 - Suricata-Main] 2023-12-07 09:48:28 Info: output-filestore: Filestore (v2) creating directory data//filestore/78
[134168 - Suricata-Main] 2023-12-07 09:48:28 Info: output-filestore: Filestore (v2) creating directory data//filestore/79
[134168 - Suricata-Main] 2023-12-07 09:48:28 Info: output-filestore: Filestore (v2) creating directory data//filestore/7a
[134168 - Suricata-Main] 2023-12-07 09:48:28 Info: output-filestore: Filestore (v2) creating directory data//filestore/7b
[134168 - Suricata-Main] 2023-12-07 09:48:28 Info: output-filestore: Filestore (v2) creating directory data//filestore/7c
[134168 - Suricata-Main] 2023-12-07 09:48:28 Info: output-filestore: Filestore (v2) creating directory data//filestore/7d
[134168 - Suricata-Main] 2023-12-07 09:48:28 Info: output-filestore: Filestore (v2) creating directory data//filestore/7e
[134168 - Suricata-Main] 2023-12-07 09:48:28 Info: output-filestore: Filestore (v2) creating directory data//filestore/7f
[134168 - Suricata-Main] 2023-12-07 09:48:28 Info: output-filestore: Filestore (v2) creating directory data//filestore/80
[134168 - Suricata-Main] 2023-12-07 09:48:28 Info: output-filestore: Filestore (v2) creating directory data//filestore/81
[134168 - Suricata-Main] 2023-12-07 09:48:28 Info: output-filestore: Filestore (v2) creating directory data//filestore/82
[134168 - Suricata-Main] 2023-12-07 09:48:28 Info: output-filestore: Filestore (v2) creating directory data//filestore/83
[134168 - Suricata-Main] 2023-12-07 09:48:28 Info: output-filestore: Filestore (v2) creating directory data//filestore/84
[134168 - Suricata-Main] 2023-12-07 09:48:28 Info: output-filestore: Filestore (v2) creating directory data//filestore/85
[134168 - Suricata-Main] 2023-12-07 09:48:28 Info: output-filestore: Filestore (v2) creating directory data//filestore/86
[134168 - Suricata-Main] 2023-12-07 09:48:28 Info: output-filestore: Filestore (v2) creating directory data//filestore/87
[134168 - Suricata-Main] 2023-12-07 09:48:28 Info: output-filestore: Filestore (v2) creating directory data//filestore/88
[134168 - Suricata-Main] 2023-12-07 09:48:28 Info: output-filestore: Filestore (v2) creating directory data//filestore/89
[134168 - Suricata-Main] 2023-12-07 09:48:28 Info: output-filestore: Filestore (v2) creating directory data//filestore/8a
[134168 - Suricata-Main] 2023-12-07 09:48:28 Info: output-filestore: Filestore (v2) creating directory data//filestore/8b
[134168 - Suricata-Main] 2023-12-07 09:48:28 Info: output-filestore: Filestore (v2) creating directory data//filestore/8c
[134168 - Suricata-Main] 2023-12-07 09:48:28 Info: output-filestore: Filestore (v2) creating directory data//filestore/8d
[134168 - Suricata-Main] 2023-12-07 09:48:28 Info: output-filestore: Filestore (v2) creating directory data//filestore/8e
[134168 - Suricata-Main] 2023-12-07 09:48:28 Info: output-filestore: Filestore (v2) creating directory data//filestore/8f
[134168 - Suricata-Main] 2023-12-07 09:48:28 Info: output-filestore: Filestore (v2) creating directory data//filestore/90
[134168 - Suricata-Main] 2023-12-07 09:48:28 Info: output-filestore: Filestore (v2) creating directory data//filestore/91
[134168 - Suricata-Main] 2023-12-07 09:48:28 Info: output-filestore: Filestore (v2) creating directory data//filestore/92
[134168 - Suricata-Main] 2023-12-07 09:48:28 Info: output-filestore: Filestore (v2) creating directory data//filestore/93
[134168 - Suricata-Main] 2023-12-07 09:48:28 Info: output-filestore: Filestore (v2) creating directory data//filestore/94
[134168 - Suricata-Main] 2023-12-07 09:48:28 Info: output-filestore: Filestore (v2) creating directory data//filestore/95
[134168 - Suricata-Main] 2023-12-07 09:48:28 Info: output-filestore: Filestore (v2) creating directory data//filestore/96
[134168 - Suricata-Main] 2023-12-07 09:48:28 Info: output-filestore: Filestore (v2) creating directory data//filestore/97
[134168 - Suricata-Main] 2023-12-07 09:48:28 Info: output-filestore: Filestore (v2) creating directory data//filestore/98
[134168 - Suricata-Main] 2023-12-07 09:48:28 Info: output-filestore: Filestore (v2) creating directory data//filestore/99
[134168 - Suricata-Main] 2023-12-07 09:48:28 Info: output-filestore: Filestore (v2) creating directory data//filestore/9a
[134168 - Suricata-Main] 2023-12-07 09:48:28 Info: output-filestore: Filestore (v2) creating directory data//filestore/9b
[134168 - Suricata-Main] 2023-12-07 09:48:28 Info: output-filestore: Filestore (v2) creating directory data//filestore/9c
[134168 - Suricata-Main] 2023-12-07 09:48:28 Info: output-filestore: Filestore (v2) creating directory data//filestore/9d
[134168 - Suricata-Main] 2023-12-07 09:48:28 Info: output-filestore: Filestore (v2) creating directory data//filestore/9e
[134168 - Suricata-Main] 2023-12-07 09:48:28 Info: output-filestore: Filestore (v2) creating directory data//filestore/9f
[134168 - Suricata-Main] 2023-12-07 09:48:28 Info: output-filestore: Filestore (v2) creating directory data//filestore/a0
[134168 - Suricata-Main] 2023-12-07 09:48:28 Info: output-filestore: Filestore (v2) creating directory data//filestore/a1
[134168 - Suricata-Main] 2023-12-07 09:48:28 Info: output-filestore: Filestore (v2) creating directory data//filestore/a2
[134168 - Suricata-Main] 2023-12-07 09:48:28 Info: output-filestore: Filestore (v2) creating directory data//filestore/a3
[134168 - Suricata-Main] 2023-12-07 09:48:28 Info: output-filestore: Filestore (v2) creating directory data//filestore/a4
[134168 - Suricata-Main] 2023-12-07 09:48:28 Info: output-filestore: Filestore (v2) creating directory data//filestore/a5
[134168 - Suricata-Main] 2023-12-07 09:48:28 Info: output-filestore: Filestore (v2) creating directory data//filestore/a6
[134168 - Suricata-Main] 2023-12-07 09:48:28 Info: output-filestore: Filestore (v2) creating directory data//filestore/a7
[134168 - Suricata-Main] 2023-12-07 09:48:28 Info: output-filestore: Filestore (v2) creating directory data//filestore/a8
[134168 - Suricata-Main] 2023-12-07 09:48:28 Info: output-filestore: Filestore (v2) creating directory data//filestore/a9
[134168 - Suricata-Main] 2023-12-07 09:48:28 Info: output-filestore: Filestore (v2) creating directory data//filestore/aa
[134168 - Suricata-Main] 2023-12-07 09:48:28 Info: output-filestore: Filestore (v2) creating directory data//filestore/ab
[134168 - Suricata-Main] 2023-12-07 09:48:28 Info: output-filestore: Filestore (v2) creating directory data//filestore/ac
[134168 - Suricata-Main] 2023-12-07 09:48:28 Info: output-filestore: Filestore (v2) creating directory data//filestore/ad
[134168 - Suricata-Main] 2023-12-07 09:48:28 Info: output-filestore: Filestore (v2) creating directory data//filestore/ae
[134168 - Suricata-Main] 2023-12-07 09:48:28 Info: output-filestore: Filestore (v2) creating directory data//filestore/af
[134168 - Suricata-Main] 2023-12-07 09:48:28 Info: output-filestore: Filestore (v2) creating directory data//filestore/b0
[134168 - Suricata-Main] 2023-12-07 09:48:28 Info: output-filestore: Filestore (v2) creating directory data//filestore/b1
[134168 - Suricata-Main] 2023-12-07 09:48:28 Info: output-filestore: Filestore (v2) creating directory data//filestore/b2
[134168 - Suricata-Main] 2023-12-07 09:48:28 Info: output-filestore: Filestore (v2) creating directory data//filestore/b3
[134168 - Suricata-Main] 2023-12-07 09:48:28 Info: output-filestore: Filestore (v2) creating directory data//filestore/b4
[134168 - Suricata-Main] 2023-12-07 09:48:28 Info: output-filestore: Filestore (v2) creating directory data//filestore/b5
[134168 - Suricata-Main] 2023-12-07 09:48:28 Info: output-filestore: Filestore (v2) creating directory data//filestore/b6
[134168 - Suricata-Main] 2023-12-07 09:48:28 Info: output-filestore: Filestore (v2) creating directory data//filestore/b7
[134168 - Suricata-Main] 2023-12-07 09:48:28 Info: output-filestore: Filestore (v2) creating directory data//filestore/b8
[134168 - Suricata-Main] 2023-12-07 09:48:28 Info: output-filestore: Filestore (v2) creating directory data//filestore/b9
[134168 - Suricata-Main] 2023-12-07 09:48:28 Info: output-filestore: Filestore (v2) creating directory data//filestore/ba
[134168 - Suricata-Main] 2023-12-07 09:48:28 Info: output-filestore: Filestore (v2) creating directory data//filestore/bb
[134168 - Suricata-Main] 2023-12-07 09:48:28 Info: output-filestore: Filestore (v2) creating directory data//filestore/bc
[134168 - Suricata-Main] 2023-12-07 09:48:28 Info: output-filestore: Filestore (v2) creating directory data//filestore/bd
[134168 - Suricata-Main] 2023-12-07 09:48:28 Info: output-filestore: Filestore (v2) creating directory data//filestore/be
[134168 - Suricata-Main] 2023-12-07 09:48:28 Info: output-filestore: Filestore (v2) creating directory data//filestore/bf
[134168 - Suricata-Main] 2023-12-07 09:48:28 Info: output-filestore: Filestore (v2) creating directory data//filestore/c0
[134168 - Suricata-Main] 2023-12-07 09:48:28 Info: output-filestore: Filestore (v2) creating directory data//filestore/c1
[134168 - Suricata-Main] 2023-12-07 09:48:28 Info: output-filestore: Filestore (v2) creating directory data//filestore/c2
[134168 - Suricata-Main] 2023-12-07 09:48:28 Info: output-filestore: Filestore (v2) creating directory data//filestore/c3
[134168 - Suricata-Main] 2023-12-07 09:48:28 Info: output-filestore: Filestore (v2) creating directory data//filestore/c4
[134168 - Suricata-Main] 2023-12-07 09:48:28 Info: output-filestore: Filestore (v2) creating directory data//filestore/c5
[134168 - Suricata-Main] 2023-12-07 09:48:28 Info: output-filestore: Filestore (v2) creating directory data//filestore/c6
[134168 - Suricata-Main] 2023-12-07 09:48:28 Info: output-filestore: Filestore (v2) creating directory data//filestore/c7
[134168 - Suricata-Main] 2023-12-07 09:48:28 Info: output-filestore: Filestore (v2) creating directory data//filestore/c8
[134168 - Suricata-Main] 2023-12-07 09:48:28 Info: output-filestore: Filestore (v2) creating directory data//filestore/c9
[134168 - Suricata-Main] 2023-12-07 09:48:28 Info: output-filestore: Filestore (v2) creating directory data//filestore/ca
[134168 - Suricata-Main] 2023-12-07 09:48:28 Info: output-filestore: Filestore (v2) creating directory data//filestore/cb
[134168 - Suricata-Main] 2023-12-07 09:48:28 Info: output-filestore: Filestore (v2) creating directory data//filestore/cc
[134168 - Suricata-Main] 2023-12-07 09:48:28 Info: output-filestore: Filestore (v2) creating directory data//filestore/cd
[134168 - Suricata-Main] 2023-12-07 09:48:28 Info: output-filestore: Filestore (v2) creating directory data//filestore/ce
[134168 - Suricata-Main] 2023-12-07 09:48:28 Info: output-filestore: Filestore (v2) creating directory data//filestore/cf
[134168 - Suricata-Main] 2023-12-07 09:48:28 Info: output-filestore: Filestore (v2) creating directory data//filestore/d0
[134168 - Suricata-Main] 2023-12-07 09:48:28 Info: output-filestore: Filestore (v2) creating directory data//filestore/d1
[134168 - Suricata-Main] 2023-12-07 09:48:28 Info: output-filestore: Filestore (v2) creating directory data//filestore/d2
[134168 - Suricata-Main] 2023-12-07 09:48:28 Info: output-filestore: Filestore (v2) creating directory data//filestore/d3
[134168 - Suricata-Main] 2023-12-07 09:48:28 Info: output-filestore: Filestore (v2) creating directory data//filestore/d4
[134168 - Suricata-Main] 2023-12-07 09:48:28 Info: output-filestore: Filestore (v2) creating directory data//filestore/d5
[134168 - Suricata-Main] 2023-12-07 09:48:28 Info: output-filestore: Filestore (v2) creating directory data//filestore/d6
[134168 - Suricata-Main] 2023-12-07 09:48:28 Info: output-filestore: Filestore (v2) creating directory data//filestore/d7
[134168 - Suricata-Main] 2023-12-07 09:48:28 Info: output-filestore: Filestore (v2) creating directory data//filestore/d8
[134168 - Suricata-Main] 2023-12-07 09:48:28 Info: output-filestore: Filestore (v2) creating directory data//filestore/d9
[134168 - Suricata-Main] 2023-12-07 09:48:28 Info: output-filestore: Filestore (v2) creating directory data//filestore/da
[134168 - Suricata-Main] 2023-12-07 09:48:28 Info: output-filestore: Filestore (v2) creating directory data//filestore/db
[134168 - Suricata-Main] 2023-12-07 09:48:28 Info: output-filestore: Filestore (v2) creating directory data//filestore/dc
[134168 - Suricata-Main] 2023-12-07 09:48:28 Info: output-filestore: Filestore (v2) creating directory data//filestore/dd
[134168 - Suricata-Main] 2023-12-07 09:48:28 Info: output-filestore: Filestore (v2) creating directory data//filestore/de
[134168 - Suricata-Main] 2023-12-07 09:48:28 Info: output-filestore: Filestore (v2) creating directory data//filestore/df
[134168 - Suricata-Main] 2023-12-07 09:48:28 Info: output-filestore: Filestore (v2) creating directory data//filestore/e0
[134168 - Suricata-Main] 2023-12-07 09:48:28 Info: output-filestore: Filestore (v2) creating directory data//filestore/e1
[134168 - Suricata-Main] 2023-12-07 09:48:28 Info: output-filestore: Filestore (v2) creating directory data//filestore/e2
[134168 - Suricata-Main] 2023-12-07 09:48:28 Info: output-filestore: Filestore (v2) creating directory data//filestore/e3
[134168 - Suricata-Main] 2023-12-07 09:48:28 Info: output-filestore: Filestore (v2) creating directory data//filestore/e4
[134168 - Suricata-Main] 2023-12-07 09:48:28 Info: output-filestore: Filestore (v2) creating directory data//filestore/e5
[134168 - Suricata-Main] 2023-12-07 09:48:28 Info: output-filestore: Filestore (v2) creating directory data//filestore/e6
[134168 - Suricata-Main] 2023-12-07 09:48:28 Info: output-filestore: Filestore (v2) creating directory data//filestore/e7
[134168 - Suricata-Main] 2023-12-07 09:48:28 Info: output-filestore: Filestore (v2) creating directory data//filestore/e8
[134168 - Suricata-Main] 2023-12-07 09:48:28 Info: output-filestore: Filestore (v2) creating directory data//filestore/e9
[134168 - Suricata-Main] 2023-12-07 09:48:28 Info: output-filestore: Filestore (v2) creating directory data//filestore/ea
[134168 - Suricata-Main] 2023-12-07 09:48:28 Info: output-filestore: Filestore (v2) creating directory data//filestore/eb
[134168 - Suricata-Main] 2023-12-07 09:48:28 Info: output-filestore: Filestore (v2) creating directory data//filestore/ec
[134168 - Suricata-Main] 2023-12-07 09:48:28 Info: output-filestore: Filestore (v2) creating directory data//filestore/ed
[134168 - Suricata-Main] 2023-12-07 09:48:28 Info: output-filestore: Filestore (v2) creating directory data//filestore/ee
[134168 - Suricata-Main] 2023-12-07 09:48:28 Info: output-filestore: Filestore (v2) creating directory data//filestore/ef
[134168 - Suricata-Main] 2023-12-07 09:48:28 Info: output-filestore: Filestore (v2) creating directory data//filestore/f0
[134168 - Suricata-Main] 2023-12-07 09:48:28 Info: output-filestore: Filestore (v2) creating directory data//filestore/f1
[134168 - Suricata-Main] 2023-12-07 09:48:28 Info: output-filestore: Filestore (v2) creating directory data//filestore/f2
[134168 - Suricata-Main] 2023-12-07 09:48:28 Info: output-filestore: Filestore (v2) creating directory data//filestore/f3
[134168 - Suricata-Main] 2023-12-07 09:48:28 Info: output-filestore: Filestore (v2) creating directory data//filestore/f4
[134168 - Suricata-Main] 2023-12-07 09:48:28 Info: output-filestore: Filestore (v2) creating directory data//filestore/f5
[134168 - Suricata-Main] 2023-12-07 09:48:28 Info: output-filestore: Filestore (v2) creating directory data//filestore/f6
[134168 - Suricata-Main] 2023-12-07 09:48:28 Info: output-filestore: Filestore (v2) creating directory data//filestore/f7
[134168 - Suricata-Main] 2023-12-07 09:48:28 Info: output-filestore: Filestore (v2) creating directory data//filestore/f8
[134168 - Suricata-Main] 2023-12-07 09:48:28 Info: output-filestore: Filestore (v2) creating directory data//filestore/f9
[134168 - Suricata-Main] 2023-12-07 09:48:28 Info: output-filestore: Filestore (v2) creating directory data//filestore/fa
[134168 - Suricata-Main] 2023-12-07 09:48:28 Info: output-filestore: Filestore (v2) creating directory data//filestore/fb
[134168 - Suricata-Main] 2023-12-07 09:48:28 Info: output-filestore: Filestore (v2) creating directory data//filestore/fc
[134168 - Suricata-Main] 2023-12-07 09:48:28 Info: output-filestore: Filestore (v2) creating directory data//filestore/fd
[134168 - Suricata-Main] 2023-12-07 09:48:28 Info: output-filestore: Filestore (v2) creating directory data//filestore/fe
[134168 - Suricata-Main] 2023-12-07 09:48:28 Info: output-filestore: Filestore (v2) creating directory data//filestore/ff
[134168 - Suricata-Main] 2023-12-07 09:48:28 Info: output-filestore: Filestore (v2) creating directory data//filestore/tmp
[134168 - Suricata-Main] 2023-12-07 09:48:29 Info: detect: 1 rule files processed. 34013 rules successfully loaded, 0 rules failed
[134168 - Suricata-Main] 2023-12-07 09:48:29 Info: threshold-config: Threshold config parsed: 0 rule(s) found
[134168 - Suricata-Main] 2023-12-07 09:48:29 Info: detect: 34016 signatures processed. 0 are IP-only rules, 5322 are inspecting packet payload, 28663 inspect application layer, 0 are decoder event only
[134169 - RX#01] 2023-12-07 09:48:31 Info: pcap: Starting file run for 2022-03-21-traffic-analysis-exercise.pcap
[134169 - RX#01] 2023-12-07 09:48:31 Info: checksum: No packets with invalid checksum, assuming checksum offloading is NOT used
[134168 - Suricata-Main] 2023-12-07 09:48:31 Notice: threads: Threads created -> RX: 1 W: 4 FM: 1 FR: 1   Engine started.
[134169 - RX#01] 2023-12-07 09:48:31 Info: pcap: pcap file 2022-03-21-traffic-analysis-exercise.pcap end of file reached (pcap err code 0)
[134168 - Suricata-Main] 2023-12-07 09:48:31 Notice: suricata: Signal Received.  Stopping engine.
[134168 - Suricata-Main] 2023-12-07 09:48:31 Info: suricata: time elapsed 0.124s
[134169 - RX#01] 2023-12-07 09:48:31 Notice: pcap: read 1 file, 16296 packets, 6591621 bytes
[134168 - Suricata-Main] 2023-12-07 09:48:31 Info: counters: Alerts: 226
